JVM info: Oracle Corporation - 20.0.1 - 20.0.1+9-29
java.net.preferIPv4Stack=true
Found java version 20.0.1
Target Directory: .
Extracting main jar:
  Extracted successfully
Considering minecraft server jar
  Downloading library from https://piston-data.mojang.com/v1/objects/886945bfb2b978778c3a0288fd7fab09d315b25f/server.jar
    Download completed: Checksum validated.
Downloading libraries
Found 1 additional library directories
Considering library net.minecraftforge:forge:1.12.2-14.23.5.2859
  Extracting library from /maven/net/minecraftforge/forge/1.12.2-14.23.5.2859/forge-1.12.2-14.23.5.2859.jar
    Extraction completed: Checksum validated.
Considering library org.ow2.asm:asm-debug-all:5.2
  Found artifact in local folder C:\Users\xavie\AppData\Roaming\.minecraft\libraries
    Checksum validated
    Successfully copied local file
Considering library net.minecraft:launchwrapper:1.12
  Found artifact in local folder C:\Users\xavie\AppData\Roaming\.minecraft\libraries
    Checksum validated
    Successfully copied local file
Considering library org.jline:jline:3.5.1
  Found artifact in local folder C:\Users\xavie\AppData\Roaming\.minecraft\libraries
    Checksum validated
    Successfully copied local file
Considering library com.typesafe.akka:akka-actor_2.11:2.3.3
  Found artifact in local folder C:\Users\xavie\AppData\Roaming\.minecraft\libraries
    Checksum validated
    Successfully copied local file
Considering library com.typesafe:config:1.2.1
  Found artifact in local folder C:\Users\xavie\AppData\Roaming\.minecraft\libraries
    Checksum validated
    Successfully copied local file
Considering library org.scala-lang:scala-actors-migration_2.11:1.1.0
  Found artifact in local folder C:\Users\xavie\AppData\Roaming\.minecraft\libraries
    Checksum validated
    Successfully copied local file
Considering library org.scala-lang:scala-compiler:2.11.1
  Found artifact in local folder C:\Users\xavie\AppData\Roaming\.minecraft\libraries
    Checksum validated
    Successfully copied local file
Considering library org.scala-lang.plugins:scala-continuations-library_2.11:1.0.2_mc
  Found artifact in local folder C:\Users\xavie\AppData\Roaming\.minecraft\libraries
    Checksum validated
    Successfully copied local file
Considering library org.scala-lang.plugins:scala-continuations-plugin_2.11.1:1.0.2_mc
  Found artifact in local folder C:\Users\xavie\AppData\Roaming\.minecraft\libraries
    Checksum validated
    Successfully copied local file
Considering library org.scala-lang:scala-library:2.11.1
  Found artifact in local folder C:\Users\xavie\AppData\Roaming\.minecraft\libraries
    Checksum validated
    Successfully copied local file
Considering library org.scala-lang:scala-parser-combinators_2.11:1.0.1
  Found artifact in local folder C:\Users\xavie\AppData\Roaming\.minecraft\libraries
    Checksum validated
    Successfully copied local file
Considering library org.scala-lang:scala-reflect:2.11.1
  Found artifact in local folder C:\Users\xavie\AppData\Roaming\.minecraft\libraries
    Checksum validated
    Successfully copied local file
Considering library org.scala-lang:scala-swing_2.11:1.0.1
  Found artifact in local folder C:\Users\xavie\AppData\Roaming\.minecraft\libraries
    Checksum validated
    Successfully copied local file
Considering library org.scala-lang:scala-xml_2.11:1.0.2
  Found artifact in local folder C:\Users\xavie\AppData\Roaming\.minecraft\libraries
    Checksum validated
    Successfully copied local file
Considering library lzma:lzma:0.0.1
  Found artifact in local folder C:\Users\xavie\AppData\Roaming\.minecraft\libraries
    Checksum validated
    Successfully copied local file
Considering library java3d:vecmath:1.5.2
  Found artifact in local folder C:\Users\xavie\AppData\Roaming\.minecraft\libraries
    Checksum validated
    Successfully copied local file
Considering library net.sf.trove4j:trove4j:3.0.3
  Found artifact in local folder C:\Users\xavie\AppData\Roaming\.minecraft\libraries
    Checksum validated
    Successfully copied local file
Considering library org.apache.maven:maven-artifact:3.5.3
  Found artifact in local folder C:\Users\xavie\AppData\Roaming\.minecraft\libraries
    Checksum validated
    Successfully copied local file
Considering library net.sf.jopt-simple:jopt-simple:5.0.3
  Found artifact in local folder C:\Users\xavie\AppData\Roaming\.minecraft\libraries
    Checksum validated
    Successfully copied local file
Considering library org.apache.logging.log4j:log4j-api:2.15.0
  Found artifact in local folder C:\Users\xavie\AppData\Roaming\.minecraft\libraries
    Checksum validated
    Successfully copied local file
Considering library org.apache.logging.log4j:log4j-core:2.15.0
  Found artifact in local folder C:\Users\xavie\AppData\Roaming\.minecraft\libraries
    Checksum validated
    Successfully copied local file
Considering library org.apache.logging.log4j:log4j-slf4j18-impl:2.15.0
  Found artifact in local folder C:\Users\xavie\AppData\Roaming\.minecraft\libraries
    Checksum validated
    Successfully copied local file
Building Processors
The server installed successfully
You can delete this installer file now if you wish
