    0.026 D <> Log initialized.
    0.026 D "MultiMC 5" , (c) 2013-2023  "MultiMC Contributors"
    0.026 D Version                    :  "0.7.0-3775"
    0.026 D Git commit                 :  "33a8b916a1baa46026681101ab870cb0a0684fa5"
    0.026 D Git refspec                :  "refs/heads/develop"
    0.026 D Work dir before adjustment :  "E:/ZtrolixGames/Project White-Pebble/Project White-Pebble Installer"
    0.026 D Work dir after adjustment  :  "E:/ZtrolixGames/Project White-Pebble/Project White-Pebble Installer"
    0.026 D Adjusted by                :  "Fallback to binary path E:/ZtrolixGames/Project White-Pebble/Project White-Pebble Installer"
    0.026 D Binary path                :  "E:/ZtrolixGames/Project White-Pebble/Project White-Pebble Installer"
    0.026 D Application root path      :  "E:/ZtrolixGames/Project White-Pebble/Project White-Pebble Installer"
    0.026 D <> Paths set.
    0.029 D Detected default console font: "Courier" , substitutions: ""
    0.030 D <> Settings loaded.
    0.031 D Detecting proxy settings...
    0.039 D Using no proxy is an option!
    0.039 D <> Network done.
    0.040 D Your language is "en_US"
    0.040 D <> Translations loaded.
    0.040 D Initializing updater with platform:  "win32"  --  "https://files.multimc.org/update/win32/channels.json"
    0.040 D <> Updater started.
    0.041 D Started watching  "E:/ZtrolixGames/Project White-Pebble/Project White-Pebble Installer/icons"
    0.041 D <> Instance icons intialized.
    0.041 D <> Icon themes initialized.
    0.041 D Determining System Theme...
    0.041 D System theme seems to be: "windowsvista"
    0.041 D Considering theme from theme factory: "windows"
    0.041 D Considering theme from theme factory: "windowsxp"
    0.041 D Considering theme from theme factory: "windowsvista"
    0.041 D System theme has been determined to be: "WindowsVista"
    0.041 D Loading theme "custom"
    0.043 D <> Widget themes initialized.
    0.043 D Instance path              :  "instances"
    0.043 D Loading Instances...
    0.043 D Discovering instances in "E:/ZtrolixGames/Project White-Pebble/Project White-Pebble Installer/instances"
    0.043 D <> Instances loaded.
    0.043 D Loading accounts...
    0.043 C "Failed to read the account list file (accounts.json)."
    0.043 D <> Accounts loaded.
    0.044 D <> Cache initialized.
    0.044 D Downloading Translations Index...
    0.044 D Task "NetJob(Translations Index)" starting for the first time
    0.081 D <> Icon theme set.
    0.081 D <> Application theme set.
    0.081 D <> Initialized analytics with tid "UA-87731965-2"
    0.121 W QMetaObject::connectSlotsByName: No matching signal for on_actionViewSelectedModsFolder_triggered()
    0.121 W QMetaObject::connectSlotsByName: No matching signal for on_actionInstanceSettings_triggered()
    0.139 D Reloading news.
    0.139 D Task "NetJob(News RSS Feed)" starting for the first time
    0.139 D Checking for updates.
    0.139 D Channel list isn't loaded yet. Loading channel list and deferring update check.
    0.139 D Loading the channel list.
    0.139 D Task "NetJob(Update System Channel List)" starting for the first time
    0.139 D Task "NetJob(Checking for notifications)" starting for the first time
    0.211 D Viewport size "800x600"
    0.211 D RAM size is 32694 MB
    0.211 D [Analytics] "ScreenView: Main Window"
    0.211 D <> Main window shown.
    0.213 D Downloading  "https://files.multimc.org/translations/index_v2.json"
    0.921 D Downloading  "https://multimc.org/rss.xml"
    0.921 D Downloading  "https://files.multimc.org/update/win32/channels.json"
    0.923 D Downloading  "https://files.multimc.org/notifications.json"
    0.971 D Dir changed: "E:/ZtrolixGames/Project White-Pebble/Project White-Pebble Installer/translations"
    1.303 D Download succeeded: "https://files.multimc.org/update/win32/channels.json"
    1.303 D Task "NetJob(Update System Channel List)" succeeded
    1.303 D Successfully loaded UpdateChecker channel list.
    1.303 D Checking for updates.
    1.303 D channelEntry =  "stable"
    1.303 D channelEntry =  "develop"
    1.303 D is intended update channel:  "develop"
    1.303 D is current update channel:  "develop"
    1.303 D channelEntry =  "main"
    1.303 D m_repoUrl =  "http://files.multimc.org/update/win32/develop/"
    1.303 D Task "NetJob(GoUpdate Repository Index)" starting for the first time
    1.303 D Downloading  "http://files.multimc.org/update/win32/develop/index.json"
    1.336 D Location header: QUrl("https://files.multimc.org/update/win32/develop/index.json")
    1.336 D Following redirect to  "https://files.multimc.org/update/win32/develop/index.json"
    1.336 D Downloading  "https://files.multimc.org/update/win32/develop/index.json"
    1.336 D Download redirected: "https://files.multimc.org/update/win32/develop/index.json"
    1.602 D Download succeeded: "https://files.multimc.org/translations/index_v2.json"
    1.602 D Task "NetJob(Translations Index)" succeeded
    1.602 D Got translations index!
    1.602 D Dir changed: "E:/ZtrolixGames/Project White-Pebble/Project White-Pebble Installer/translations"
    1.604 D Download succeeded: "https://files.multimc.org/notifications.json"
    1.610 D Task "NetJob(Checking for notifications)" succeeded
    1.858 D Download succeeded: "https://multimc.org/rss.xml"
    1.858 D Task "NetJob(News RSS Feed)" succeeded
    1.858 D Finished loading RSS feed.
    1.859 D Loaded news entry "0.7.0 - The forever develop release"
    1.859 D Loaded news entry "0.6.16 - The Modpack Apocalypse"
    1.859 D Loaded news entry "Migration to Microsoft account is required"
    1.859 D Loaded news entry "IMPORTANT MESSAGE - Security vulnerability in Minecraft"
    1.859 D Loaded news entry "0.6.14 - Microsoft account refinement, Forge 1.17+ and other fixes"
    1.859 D Loaded news entry "0.6.13 - Microsoft account integration"
    1.859 D Loaded news entry "0.6.12 - Spring cleaning and modpack platforms"
    1.859 D Loaded news entry "About Microsoft accounts"
    1.859 D Loaded news entry "0.6.7 - UI fixes and important metadata news - update required!"
    1.859 D Loaded news entry "0.6.5 - translation UI and legacy sound fixes"
    1.859 D Loaded news entry "0.6.4 - better translation workflow and new FTB API location"
    1.859 D Loaded news entry "0.6.3 - The Big Sync"
    1.859 D Loaded news entry "0.6.2 Released!"
    1.859 D Loaded news entry "0.6.1 Released!"
    1.859 D Loaded news entry "0.6.0 Released!"
    1.859 D Loaded news entry "Introducing the Archive"
    1.859 D Loaded news entry "0.5.1 - Bugfixes."
    1.859 D Loaded news entry "0.5.0 - Running multiple instances at the same time!"
    1.859 D Loaded news entry "0.4.11 - OSX 10.7 fix and workaround for Minecraft 1.9 compatibility"
    1.860 D Loaded news entry "0.4.10 - Another wifi fix"
    1.860 D Loaded news entry "0.4.9 - the Windows wifi fix."
    1.860 D Loaded news entry "0.4.8 - Worlds and more."
    1.860 D Loaded news entry "0.4.7 - What 0.4.6 should have been."
    1.860 D Loaded news entry "0.4.6 - Bug fixes and improvements!"
    1.860 D Loaded news entry "0.4.5 - Translations, Themes, and Technic"
    1.860 D Loaded news entry "0.4 out - Jar mods, UI changes, and more!"
    1.860 D Loaded news entry "Introducing QuickMods - A better way to install mods"
    1.860 D Loaded news entry "Support us on Patreon!"
    1.860 D Loaded news entry "Heartbleed Vulnerability Update (fixed!)"
    1.860 D Loaded news entry "Announcing MultiMC 6"
    1.860 D Loaded news entry "0.3 - The big feature update."
    1.860 D Loaded news entry "First official MultiMC 5 release!"
    1.860 D Loaded news entry "MultiMC Status Update"
    1.860 D News loading succeeded.
    2.234 D Download succeeded: "https://files.multimc.org/update/win32/develop/index.json"
    2.234 D Task "NetJob(GoUpdate Repository Index)" succeeded
    2.234 D Finished downloading repo index. Checking for new versions.
    2.234 D Processing repository version list.
    3.654 D Opening directory "instances"
   30.077 D [Analytics] "Query string = v=1&tid=UA-87731965-2&cid=6521aeb3-db4f-4bb5-8a61-e60ffacf1f09&t=screenview&ul=en-au&vp=800x600&sr=2560x1080&aip=1&cd=Main Window&an=MultiMC&av=0.7.0-3775&cd1=&cd2=&cd3=64&cd4=64&cd5=Windows&cd6=10.0&cm1=512&cm2=4096&cm3=32694&qt=29866"
   30.307 D [Analytics] "Message sent"
   57.215 D Paged dialog close requested
   57.215 D Analytics enabled by user.
   57.216 D Detecting proxy settings...
   57.216 D Using no proxy is an option!
   57.216 D Paged dialog close approved
   57.216 D Paged dialog geometry saved
   57.234 D Discovering instances in "E:/ZtrolixGames/Project White-Pebble/Project White-Pebble Installer/instances"
