    0.022 D <> Log initialized.
    0.022 D "MultiMC 5" , (c) 2013-2023  "MultiMC Contributors"
    0.023 D Version                    :  "0.7.0-3775"
    0.023 D Git commit                 :  "33a8b916a1baa46026681101ab870cb0a0684fa5"
    0.023 D Git refspec                :  "refs/heads/develop"
    0.023 D Work dir before adjustment :  "E:/ZtrolixGames/Project White-Pebble/Project White-Pebble Installer"
    0.023 D Work dir after adjustment  :  "E:/ZtrolixGames/Project White-Pebble/Project White-Pebble Installer"
    0.023 D Adjusted by                :  "Fallback to binary path E:/ZtrolixGames/Project White-Pebble/Project White-Pebble Installer"
    0.023 D Binary path                :  "E:/ZtrolixGames/Project White-Pebble/Project White-Pebble Installer"
    0.023 D Application root path      :  "E:/ZtrolixGames/Project White-Pebble/Project White-Pebble Installer"
    0.023 D <> Paths set.
    0.029 D Detected default console font: "Courier" , substitutions: ""
    0.030 D <> Settings loaded.
    0.030 D Detecting proxy settings...
    0.038 D Using no proxy is an option!
    0.038 D <> Network done.
    0.042 D Your language is "en_US"
    0.042 D <> Translations loaded.
    0.042 D Initializing updater with platform:  "win32"  --  "https://files.multimc.org/update/win32/channels.json"
    0.042 D <> Updater started.
    0.043 D Started watching  "E:/ZtrolixGames/Project White-Pebble/Project White-Pebble Installer/icons"
    0.043 D <> Instance icons intialized.
    0.043 D <> Icon themes initialized.
    0.043 D Determining System Theme...
    0.044 D System theme seems to be: "windowsvista"
    0.044 D Considering theme from theme factory: "windows"
    0.044 D Considering theme from theme factory: "windowsxp"
    0.044 D Considering theme from theme factory: "windowsvista"
    0.044 D System theme has been determined to be: "WindowsVista"
    0.044 D Loading theme "custom"
    0.046 D <> Widget themes initialized.
    0.046 D Instance path              :  "instances"
    0.046 D Loading Instances...
    0.046 D Discovering instances in "E:/ZtrolixGames/Project White-Pebble/Project White-Pebble Installer/instances"
    0.047 D Found instance ID "White-Pebble v4.1"
    0.047 D Will load group list now.
    0.048 D Loaded instance  "White-Pebble V4.1"  from  "E:/ZtrolixGames/Project White-Pebble/Project White-Pebble Installer/instances/White-Pebble v4.1"
    0.048 D <> Instances loaded.
    0.048 D Loading accounts...
    0.048 C "Failed to read the account list file (accounts.json)."
    0.048 D <> Accounts loaded.
    0.050 D <> Cache initialized.
    0.050 D Downloading Translations Index...
    0.050 D Task "NetJob(Translations Index)" starting for the first time
    0.081 D <> Icon theme set.
    0.081 D <> Application theme set.
    0.081 D <> Initialized analytics with tid "UA-87731965-2"
    0.173 W QMetaObject::connectSlotsByName: No matching signal for on_actionViewSelectedModsFolder_triggered()
    0.173 W QMetaObject::connectSlotsByName: No matching signal for on_actionInstanceSettings_triggered()
    0.205 D Reloading news.
    0.205 D Task "NetJob(News RSS Feed)" starting for the first time
    0.205 D Checking for updates.
    0.205 D Channel list isn't loaded yet. Loading channel list and deferring update check.
    0.205 D Loading the channel list.
    0.205 D Task "NetJob(Update System Channel List)" starting for the first time
    0.205 D Task "NetJob(Checking for notifications)" starting for the first time
    0.291 D Viewport size "800x600"
    0.292 D RAM size is 32694 MB
    0.292 D [Analytics] "ScreenView: Main Window"
    0.292 D <> Main window shown.
    0.294 D Downloading  "https://files.multimc.org/translations/index_v2.json"
    1.014 D Downloading  "https://multimc.org/rss.xml"
    1.014 D Downloading  "https://files.multimc.org/update/win32/channels.json"
    1.015 D Downloading  "https://files.multimc.org/notifications.json"
    1.059 D Dir changed: "E:/ZtrolixGames/Project White-Pebble/Project White-Pebble Installer/translations"
    1.385 D Download succeeded: "https://files.multimc.org/update/win32/channels.json"
    1.385 D Task "NetJob(Update System Channel List)" succeeded
    1.385 D Successfully loaded UpdateChecker channel list.
    1.385 D Checking for updates.
    1.385 D channelEntry =  "stable"
    1.385 D channelEntry =  "develop"
    1.385 D is intended update channel:  "develop"
    1.386 D is current update channel:  "develop"
    1.386 D channelEntry =  "main"
    1.386 D m_repoUrl =  "http://files.multimc.org/update/win32/develop/"
    1.386 D Task "NetJob(GoUpdate Repository Index)" starting for the first time
    1.386 D Downloading  "http://files.multimc.org/update/win32/develop/index.json"
    1.389 D Download succeeded: "https://files.multimc.org/translations/index_v2.json"
    1.390 D Task "NetJob(Translations Index)" succeeded
    1.390 D Got translations index!
    1.390 D Dir changed: "E:/ZtrolixGames/Project White-Pebble/Project White-Pebble Installer/translations"
    1.427 D Location header: QUrl("https://files.multimc.org/update/win32/develop/index.json")
    1.427 D Following redirect to  "https://files.multimc.org/update/win32/develop/index.json"
    1.427 D Downloading  "https://files.multimc.org/update/win32/develop/index.json"
    1.427 D Download redirected: "https://files.multimc.org/update/win32/develop/index.json"
    1.682 D Download succeeded: "https://files.multimc.org/notifications.json"
    1.687 D Task "NetJob(Checking for notifications)" succeeded
    1.930 D Download succeeded: "https://multimc.org/rss.xml"
    1.930 D Task "NetJob(News RSS Feed)" succeeded
    1.930 D Finished loading RSS feed.
    1.931 D Loaded news entry "0.7.0 - The forever develop release"
    1.931 D Loaded news entry "0.6.16 - The Modpack Apocalypse"
    1.931 D Loaded news entry "Migration to Microsoft account is required"
    1.932 D Loaded news entry "IMPORTANT MESSAGE - Security vulnerability in Minecraft"
    1.932 D Loaded news entry "0.6.14 - Microsoft account refinement, Forge 1.17+ and other fixes"
    1.932 D Loaded news entry "0.6.13 - Microsoft account integration"
    1.932 D Loaded news entry "0.6.12 - Spring cleaning and modpack platforms"
    1.932 D Loaded news entry "About Microsoft accounts"
    1.932 D Loaded news entry "0.6.7 - UI fixes and important metadata news - update required!"
    1.932 D Loaded news entry "0.6.5 - translation UI and legacy sound fixes"
    1.932 D Loaded news entry "0.6.4 - better translation workflow and new FTB API location"
    1.932 D Loaded news entry "0.6.3 - The Big Sync"
    1.932 D Loaded news entry "0.6.2 Released!"
    1.932 D Loaded news entry "0.6.1 Released!"
    1.932 D Loaded news entry "0.6.0 Released!"
    1.932 D Loaded news entry "Introducing the Archive"
    1.932 D Loaded news entry "0.5.1 - Bugfixes."
    1.932 D Loaded news entry "0.5.0 - Running multiple instances at the same time!"
    1.932 D Loaded news entry "0.4.11 - OSX 10.7 fix and workaround for Minecraft 1.9 compatibility"
    1.932 D Loaded news entry "0.4.10 - Another wifi fix"
    1.933 D Loaded news entry "0.4.9 - the Windows wifi fix."
    1.933 D Loaded news entry "0.4.8 - Worlds and more."
    1.933 D Loaded news entry "0.4.7 - What 0.4.6 should have been."
    1.933 D Loaded news entry "0.4.6 - Bug fixes and improvements!"
    1.933 D Loaded news entry "0.4.5 - Translations, Themes, and Technic"
    1.933 D Loaded news entry "0.4 out - Jar mods, UI changes, and more!"
    1.933 D Loaded news entry "Introducing QuickMods - A better way to install mods"
    1.933 D Loaded news entry "Support us on Patreon!"
    1.933 D Loaded news entry "Heartbleed Vulnerability Update (fixed!)"
    1.933 D Loaded news entry "Announcing MultiMC 6"
    1.933 D Loaded news entry "0.3 - The big feature update."
    1.933 D Loaded news entry "First official MultiMC 5 release!"
    1.933 D Loaded news entry "MultiMC Status Update"
    1.933 D News loading succeeded.
    2.326 D Download succeeded: "https://files.multimc.org/update/win32/develop/index.json"
    2.326 D Task "NetJob(GoUpdate Repository Index)" succeeded
    2.326 D Finished downloading repo index. Checking for new versions.
    2.327 D Processing repository version list.
   10.810 D Checking for updates.
   10.810 D channelEntry =  "stable"
   10.810 D channelEntry =  "develop"
   10.810 D is intended update channel:  "develop"
   10.810 D is current update channel:  "develop"
   10.810 D channelEntry =  "main"
   10.810 D m_repoUrl =  "http://files.multimc.org/update/win32/develop/"
   10.810 D Task "NetJob(GoUpdate Repository Index)" starting for the first time
   10.811 D Downloading  "http://files.multimc.org/update/win32/develop/index.json"
   10.824 D Location header: QUrl("https://files.multimc.org/update/win32/develop/index.json")
   10.825 D Following redirect to  "https://files.multimc.org/update/win32/develop/index.json"
   10.825 D Downloading  "https://files.multimc.org/update/win32/develop/index.json"
   10.825 D Download redirected: "https://files.multimc.org/update/win32/develop/index.json"
   11.717 D Download succeeded: "https://files.multimc.org/update/win32/develop/index.json"
   11.717 D Task "NetJob(GoUpdate Repository Index)" succeeded
   11.717 D Finished downloading repo index. Checking for new versions.
   11.717 D Processing repository version list.
   11.719 D Task "NetJob(Changelog)" starting for the first time
   11.739 D Downloading  "https://api.github.com/repos/MultiMC/Launcher/compare/33a8b916a1baa46026681101ab870cb0a0684fa5...develop"
   12.163 D Download succeeded: "https://api.github.com/repos/MultiMC/Launcher/compare/33a8b916a1baa46026681101ab870cb0a0684fa5...develop"
   12.163 D Task "NetJob(Changelog)" succeeded
